Matching:
  Catalog: ../data/catalog/catalog_fa2019.csv
  ICES: ../data/ices/ices_fa2019.csv
  Wade: ../data/wade/wade_fa2019.csv
  Output: ../data/match/match_fa2019.csv

Catalog:
  Total entries: 11506

Wade:
  Total entries: 2631
  Matched: 2628
  Not matched: 3
    Not matched indices in Wade:
      834 869 2079

ICES:
  Total entries: 2448
  Matched: 1988
  Not matched: 460
    Not matched indices in ICES:
      51 53 58 62 63 67 75 82 99 104 105 117 130 131 134 138 140 142 147 152 154 156 163 165 167 168 174 186 242 256 263 264 268 270 272 273 274 275 278 279 280 283 284 286 287 288 289 290 291 292 293 295 296 297 298 301 302 304 305 309 310 313 314 316 318 319 320 321 324 325 328 329 330 331 332 368 547 548 549 551 557 558 559 562 563 564 566 567 572 573 576 578 581 642 666 667 669 670 671 672 673 678 679 680 684 685 686 690 691 693 694 695 696 701 702 703 704 706 707 708 711 712 715 716 717 718 721 722 724 726 728 729 745 746 747 748 750 752 755 758 760 775 793 807 808 809 811 814 841 850 874 876 877 880 881 882 883 888 889 890 891 892 895 896 899 900 903 904 905 906 908 912 913 918 920 921 922 924 925 926 929 930 932 933 934 935 937 938 939 943 945 946 948 949 950 951 952 953 954 955 956 957 958 959 960 961 963 965 967 968 969 970 971 973 974 975 976 980 981 982 983 985 988 989 990 991 992 993 994 995 996 997 998 999 1000 1004 1005 1006 1007 1008 1009 1010 1011 1012 1013 1014 1015 1016 1017 1018 1019 1021 1023 1024 1025 1026 1027 1029 1030 1031 1033 1034 1035 1036 1037 1038 1039 1040 1041 1042 1044 1045 1046 1047 1048 1049 1051 1052 1053 1054 1055 1056 1057 1058 1059 1060 1061 1062 1063 1064 1066 1067 1068 1069 1070 1071 1074 1075 1076 1100 1112 1165 1308 1310 1324 1332 1379 1422 1427 1428 1479 1491 1496 1498 1501 1502 1507 1514 1517 1518 1519 1520 1523 1524 1525 1526 1527 1529 1530 1532 1533 1534 1535 1536 1537 1538 1540 1541 1542 1544 1545 1546 1547 1548 1549 1550 1551 1552 1553 1554 1555 1556 1557 1558 1561 1563 1565 1566 1568 1569 1570 1572 1573 1574 1575 1576 1577 1578 1579 1580 1581 1582 1583 1584 1585 1586 1587 1588 1589 1590 1591 1592 1593 1596 1600 1604 1605 1606 1607 1611 1612 1632 1634 1635 1636 1637 1641 1642 1643 1644 1646 1647 1649 1650 1653 1656 1657 1668 1743 1782 1881 1883 1887 1890 1892 1894 1900 1903 1905 1910 1914 1915 1916 1922 1934 1936 1947 1952 1962 1963 1964 1967 1969 1970 1972 1973 2069 2180 2291 2295 2303 2313 2331 2335 2338 2340 2345 2347 2379 2383 2384 2385 2389 2391 2392 2395 2396 2397 2402 2415
  No matching Wade entry: 0
    No matching Wade indices in ICES:
      

Graybook:
  Total entries in graybook: 2611
  Entries in catalog matched: 2219 / 11506

Coverage stats:
  Total catalog entries: 11506
  Nothing matched: 0
  Only ICES matched: 0
  Only Wade matched: 7262
  Both matched: 4244

Writing output to ../data/match/match_fa2019.csv
