Matching:
  Catalog: ../data/catalog/catalog_fa2023.csv
  ICES: ../data/ices/ices_fa2023.csv
  Wade: ../data/wade/wade_fa2023.csv
  Output: ../data/match/match_fa2023.csv

Catalog:
  Total entries: 12048

Wade:
  Total entries: 2773
  Matched: 2743
  Not matched: 30
    Not matched indices in Wade:
      566 568 579 588 974 979 990 991 992 993 1032 1036 1040 1043 1049 1270 1271 1272 1273 1568 1569 1570 1571 2202 2207 2218 2224 2698 2699 2700

ICES:
  Total entries: 2242
  Matched: 2169
  Not matched: 73
    Not matched indices in ICES:
      53 93 94 171 172 178 484 498 510 526 595 683 700 701 709 714 719 721 730 733 784 806 811 823 828 836 841 843 847 848 854 856 857 863 868 874 879 881 965 975 1022 1093 1102 1253 1377 1941 1958 2029 2032 2079 2104 2105 2107 2112 2148 2150 2152 2154 2197 2201 2204 2205 2206 2210 2216 2222 2224 2228 2230 2232 2235 2239 2240
  No matching Wade entry: 0
    No matching Wade indices in ICES:
      

Graybook:
  Total entries in graybook: 0
  Entries in catalog matched: 0 / 12048

Coverage stats:
  Total catalog entries: 12048
  Nothing matched: 0
  Only ICES matched: 0
  Only Wade matched: 7383
  Both matched: 4665

Writing output to ../data/match/match_fa2023.csv
