Matching:
  Catalog: ../data/catalog/catalog_fa2015.csv
  ICES: ../data/ices/ices_fa2015.csv
  Wade: ../data/wade/wade_fa2015.csv
  Output: ../data/match/match_fa2015.csv

Catalog:
  Total entries: 11342

Wade:
  Total entries: 6144
  Matched: 6144
  Not matched: 0
    Not matched indices in Wade:
      

ICES:
  Total entries: 1960
  Matched: 1712
  Not matched: 248
    Not matched indices in ICES:
      86 119 127 224 228 229 230 231 232 233 234 237 238 239 240 243 244 245 246 248 249 255 256 257 258 259 260 263 264 265 266 267 268 270 271 272 273 274 275 276 310 409 410 416 422 423 427 433 438 456 473 518 519 520 522 523 524 525 526 530 532 535 536 537 538 539 540 541 542 543 544 545 546 547 548 549 551 552 554 555 556 558 559 560 561 562 563 565 576 580 581 582 584 586 588 592 594 597 604 622 647 690 694 697 702 703 705 723 727 735 745 746 754 765 766 769 772 774 777 778 792 793 795 800 885 924 1023 1026 1027 1034 1036 1061 1083 1108 1126 1192 1198 1200 1206 1207 1209 1210 1211 1212 1213 1214 1216 1217 1218 1220 1222 1224 1225 1226 1227 1228 1229 1230 1231 1232 1233 1234 1235 1236 1237 1238 1240 1242 1243 1244 1245 1246 1247 1249 1250 1251 1252 1253 1257 1258 1259 1260 1261 1262 1263 1265 1267 1268 1269 1270 1271 1272 1273 1274 1275 1276 1277 1278 1279 1291 1301 1320 1335 1450 1453 1494 1502 1505 1507 1509 1515 1519 1521 1524 1535 1536 1539 1559 1571 1572 1573 1576 1577 1578 1579 1580 1581 1582 1585 1687 1689 1718 1725 1871 1872 1913 1940 1942 1943 1944 1945 1947 1950 1952 1954 1955 1957 1959
  No matching Wade entry: 0
    No matching Wade indices in ICES:
      

Graybook:
  Total entries in graybook: 2440
  Entries in catalog matched: 2139 / 11342

Coverage stats:
  Total catalog entries: 11342
  Nothing matched: 0
  Only ICES matched: 0
  Only Wade matched: 7443
  Both matched: 3899

Writing output to ../data/match/match_fa2015.csv
