Matching:
  Catalog: ../data/catalog/catalog_sp2018.csv
  ICES: ../data/ices/ices_sp2018.csv
  Wade: ../data/wade/wade_sp2018.csv
  Output: ../data/match/match_sp2018.csv

Catalog:
  Total entries: 10571

Wade:
  Total entries: 2251
  Matched: 2251
  Not matched: 0
    Not matched indices in Wade:
      

ICES:
  Total entries: 1939
  Matched: 1666
  Not matched: 273
    Not matched indices in ICES:
      42 45 49 50 51 52 56 68 70 73 74 83 91 93 94 102 111 116 118 119 126 141 144 146 148 149 150 200 235 241 242 244 245 277 400 401 404 405 407 412 415 416 418 419 420 426 427 431 432 436 437 438 439 441 446 447 448 449 450 451 463 523 525 526 528 529 530 531 532 534 536 545 548 550 552 556 557 558 559 560 561 562 563 564 565 566 567 568 569 572 573 574 575 576 579 580 581 582 583 584 586 588 589 592 594 612 613 615 616 617 621 622 623 628 647 668 670 679 681 709 726 742 743 748 749 750 752 753 755 758 759 761 762 763 764 765 768 769 770 772 774 775 777 778 780 781 782 784 790 792 793 794 795 797 798 799 800 801 803 804 806 807 808 810 811 812 813 814 817 819 821 825 826 827 828 829 830 831 835 836 837 838 839 841 843 844 845 846 847 848 850 851 852 1064 1065 1069 1071 1080 1083 1084 1085 1087 1169 1194 1210 1227 1230 1250 1251 1268 1269 1271 1274 1275 1276 1277 1278 1280 1281 1282 1283 1285 1286 1346 1347 1393 1417 1446 1449 1452 1454 1456 1458 1462 1465 1466 1469 1471 1478 1484 1486 1487 1490 1497 1510 1521 1523 1525 1526 1626 1680 1685 1727 1736 1827 1830 1835 1897 1904 1905 1911 1912 1914 1917 1918 1924 1927 1929 1931 1932 1934 1935 1938
  No matching Wade entry: 0
    No matching Wade indices in ICES:
      

Graybook:
  Total entries in graybook: 2525
  Entries in catalog matched: 1828 / 10571

Coverage stats:
  Total catalog entries: 10571
  Nothing matched: 0
  Only ICES matched: 0
  Only Wade matched: 6868
  Both matched: 3703

Writing output to ../data/match/match_sp2018.csv
