Matching:
  Catalog: ../data/catalog/catalog_fa2013.csv
  ICES: ../data/ices/ices_fa2013.csv
  Wade: ../data/wade/wade_fa2013.csv
  Output: ../data/match/match_fa2013.csv

Catalog:
  Total entries: 11353

Wade:
  Total entries: 6017
  Matched: 6016
  Not matched: 1
    Not matched indices in Wade:
      5908

ICES:
  Total entries: 1744
  Matched: 1496
  Not matched: 248
    Not matched indices in ICES:
      44 48 57 61 63 66 79 80 93 121 154 180 181 182 183 186 187 188 190 191 192 193 194 195 196 197 198 199 200 201 202 204 205 206 207 209 210 211 212 213 214 215 216 217 218 220 221 222 223 224 225 227 228 229 230 347 348 349 351 354 359 361 364 365 366 369 373 375 376 378 379 382 448 449 450 451 452 454 457 459 463 465 466 467 468 469 470 471 473 477 478 490 493 494 496 500 521 524 526 528 532 537 613 618 637 646 647 660 663 670 671 674 675 676 678 737 758 774 802 805 871 872 875 876 947 970 1005 1006 1007 1008 1011 1012 1020 1024 1030 1033 1034 1043 1044 1045 1046 1047 1048 1049 1050 1051 1052 1053 1054 1055 1056 1057 1059 1060 1061 1062 1063 1064 1065 1066 1067 1068 1069 1070 1071 1075 1076 1077 1079 1080 1081 1082 1083 1084 1085 1086 1087 1088 1089 1090 1091 1092 1093 1094 1095 1096 1097 1098 1099 1100 1101 1102 1103 1104 1105 1106 1107 1108 1110 1111 1112 1113 1114 1116 1118 1119 1120 1121 1122 1152 1166 1247 1250 1271 1307 1310 1312 1313 1318 1323 1327 1329 1344 1346 1348 1367 1372 1373 1374 1375 1376 1377 1378 1517 1670 1685 1698 1722 1723 1725 1726 1730 1733 1736 1738 1740 1741 1742
  No matching Wade entry: 0
    No matching Wade indices in ICES:
      

Graybook:
  Total entries in graybook: 2359
  Entries in catalog matched: 2026 / 11353

Coverage stats:
  Total catalog entries: 11353
  Nothing matched: 0
  Only ICES matched: 0
  Only Wade matched: 8012
  Both matched: 3341

Writing output to ../data/match/match_fa2013.csv
