Matching:
  Catalog: ../data/catalog/catalog_sp2019.csv
  ICES: ../data/ices/ices_sp2019.csv
  Wade: ../data/wade/wade_sp2019.csv
  Output: ../data/match/match_sp2019.csv

Catalog:
  Total entries: 10619

Wade:
  Total entries: 2190
  Matched: 2190
  Not matched: 0
    Not matched indices in Wade:
      

ICES:
  Total entries: 2033
  Matched: 1783
  Not matched: 250
    Not matched indices in ICES:
      5 54 56 70 77 80 87 93 95 113 114 119 130 131 138 139 140 150 158 166 167 173 200 256 257 262 266 267 430 431 433 441 442 444 445 447 448 449 450 455 456 458 460 462 466 467 468 474 501 540 541 542 544 545 547 549 551 557 558 560 561 563 564 565 566 567 568 569 571 572 573 575 576 578 579 580 583 584 587 589 590 591 593 606 612 613 614 616 620 622 623 626 627 630 651 653 668 673 685 693 694 695 714 715 717 722 723 729 762 763 764 765 766 769 771 772 776 779 782 783 785 788 789 795 797 798 799 800 801 803 804 805 809 810 811 814 816 817 818 820 821 822 824 826 827 829 830 832 833 834 835 836 837 838 839 841 842 843 844 845 846 848 849 850 851 852 854 916 941 955 1009 1023 1027 1044 1065 1069 1070 1071 1072 1075 1078 1083 1117 1122 1139 1140 1154 1162 1215 1245 1247 1275 1281 1284 1286 1288 1289 1290 1291 1292 1293 1294 1296 1297 1298 1300 1301 1302 1393 1403 1411 1522 1523 1526 1532 1533 1546 1547 1551 1565 1566 1568 1576 1580 1595 1597 1695 1697 1826 1831 1905 1907 1910 1913 1927 1930 1941 1945 1948 1950 1986 2000 2002 2004 2017 2022 2025 2026 2027 2030
  No matching Wade entry: 0
    No matching Wade indices in ICES:
      

Graybook:
  Total entries in graybook: 2611
  Entries in catalog matched: 1882 / 10619

Coverage stats:
  Total catalog entries: 10619
  Nothing matched: 0
  Only ICES matched: 0
  Only Wade matched: 6922
  Both matched: 3697

Writing output to ../data/match/match_sp2019.csv
