Matching:
  Catalog: ../data/catalog/catalog_sp2014.csv
  ICES: ../data/ices/ices_sp2014.csv
  Wade: ../data/wade/wade_sp2014.csv
  Output: ../data/match/match_sp2014.csv

Catalog:
  Total entries: 10563

Wade:
  Total entries: 5597
  Matched: 5589
  Not matched: 8
    Not matched indices in Wade:
      1586 1590 1591 1592 1618 1619 1620 4742

ICES:
  Total entries: 1683
  Matched: 1509
  Not matched: 174
    Not matched indices in ICES:
      9 32 41 55 59 61 78 82 83 84 91 117 141 181 182 183 255 294 296 299 302 303 306 308 310 311 312 315 317 320 324 325 326 329 402 405 407 408 409 411 412 413 416 420 421 422 423 424 425 426 427 429 430 431 433 434 435 446 447 450 451 455 456 458 461 463 464 480 482 491 496 515 556 559 568 569 573 589 591 607 609 610 611 612 614 615 617 618 723 741 756 757 781 821 823 824 825 912 920 923 928 930 931 932 973 977 981 986 998 1009 1012 1014 1015 1158 1159 1162 1164 1165 1166 1167 1168 1170 1171 1172 1173 1174 1176 1177 1178 1179 1180 1181 1183 1184 1186 1190 1191 1192 1193 1194 1195 1196 1197 1199 1200 1201 1202 1203 1215 1219 1227 1232 1234 1236 1237 1240 1251 1266 1285 1286 1287 1289 1290 1397 1439 1595 1599 1606 1616 1666 1672 1673 1678 1681
  No matching Wade entry: 0
    No matching Wade indices in ICES:
      

Graybook:
  Total entries in graybook: 2403
  Entries in catalog matched: 1818 / 10563

Coverage stats:
  Total catalog entries: 10563
  Nothing matched: 0
  Only ICES matched: 0
  Only Wade matched: 7302
  Both matched: 3261

Writing output to ../data/match/match_sp2014.csv
