Matching:
  Catalog: ../data/catalog/catalog_sp2016.csv
  ICES: ../data/ices/ices_sp2016.csv
  Wade: ../data/wade/wade_sp2016.csv
  Output: ../data/match/match_sp2016.csv

Catalog:
  Total entries: 10632

Wade:
  Total entries: 5687
  Matched: 5675
  Not matched: 12
    Not matched indices in Wade:
      466 1627 1663 1672 1681 1683 1684 3394 3395 3404 4708 5255

ICES:
  Total entries: 1860
  Matched: 1704
  Not matched: 156
    Not matched indices in ICES:
      27 74 84 96 112 114 120 128 137 138 147 157 170 191 222 223 224 365 366 367 369 371 373 374 378 379 380 383 384 386 387 388 389 390 393 400 403 406 407 409 488 489 491 493 494 496 498 499 500 501 502 503 504 511 512 513 514 516 517 518 519 520 522 523 527 528 529 530 532 533 547 551 552 556 560 578 608 625 627 648 649 671 685 688 691 695 700 726 731 735 745 747 755 756 760 773 776 780 869 870 929 930 931 933 934 936 1002 1005 1007 1011 1012 1013 1083 1098 1102 1124 1174 1209 1213 1295 1396 1400 1401 1403 1406 1415 1418 1434 1451 1458 1461 1462 1463 1464 1465 1466 1467 1470 1478 1569 1570 1623 1627 1683 1774 1776 1823 1838 1840 1841 1845 1847 1850 1851 1856 1858
  No matching Wade entry: 0
    No matching Wade indices in ICES:
      

Graybook:
  Total entries in graybook: 2426
  Entries in catalog matched: 1829 / 10632

Coverage stats:
  Total catalog entries: 10632
  Nothing matched: 0
  Only ICES matched: 0
  Only Wade matched: 7030
  Both matched: 3602

Writing output to ../data/match/match_sp2016.csv
