Matching:
  Catalog: ../data/catalog/catalog_sp2012.csv
  ICES: ../data/ices/ices_sp2012.csv
  Wade: ../data/wade/wade_sp2012.csv
  Output: ../data/match/match_sp2012.csv

Catalog:
  Total entries: 10543

Wade:
  Total entries: 577
  Matched: 273
  Not matched: 304
    Not matched indices in Wade:
      0 4 5 7 8 10 11 15 16 20 21 22 24 25 26 29 30 32 34 35 36 38 39 40 42 47 50 53 56 57 59 60 61 62 66 69 70 71 72 74 77 78 79 81 84 85 86 87 88 89 90 91 92 95 97 102 103 104 106 108 121 125 127 128 129 130 131 132 133 134 135 136 138 139 141 144 147 148 152 153 154 158 160 161 162 164 167 168 169 170 172 174 175 176 177 178 180 181 187 188 190 191 204 205 212 214 216 217 218 219 220 221 222 226 228 229 231 235 236 239 241 244 246 248 250 254 255 256 257 258 260 261 264 265 266 267 268 269 271 273 276 277 281 282 283 284 286 287 289 290 291 292 293 294 295 298 299 300 301 302 303 306 310 311 312 313 319 320 324 326 328 329 330 333 336 337 338 339 340 341 342 344 345 346 347 348 349 354 355 357 358 361 362 363 364 365 366 367 368 369 370 372 373 374 375 376 378 380 381 385 386 387 388 391 394 396 400 402 403 405 406 408 409 410 411 412 416 417 419 420 425 428 429 430 432 435 438 440 442 446 449 454 455 456 458 459 462 464 466 470 472 473 474 475 476 477 479 480 482 483 484 486 487 494 495 497 498 501 504 507 508 509 511 513 516 517 521 522 524 527 530 533 539 540 541 543 544 545 546 547 550 551 552 554 556 557 559 560 565 568 569 570 573 576

ICES:
  Total entries: 1483
  Matched: 1356
  Not matched: 127
    Not matched indices in ICES:
      1 5 12 13 18 21 57 66 72 82 88 98 101 104 161 174 176 267 269 270 274 278 280 290 359 362 363 365 366 379 380 383 384 385 386 388 390 391 392 394 395 406 407 412 413 416 424 428 439 471 516 521 528 530 533 535 543 544 548 549 554 555 557 560 561 562 563 564 565 579 606 617 620 682 687 690 691 696 727 743 745 747 752 760 772 779 810 816 823 824 834 867 875 897 900 927 935 995 1012 1023 1031 1036 1056 1064 1072 1074 1079 1081 1086 1089 1097 1098 1100 1116 1230 1243 1262 1266 1289 1291 1307 1406 1464 1469 1472 1475 1477
  No matching Wade entry: 0
    No matching Wade indices in ICES:
      

Graybook:
  Total entries in graybook: 2289
  Entries in catalog matched: 73 / 10543

Coverage stats:
  Total catalog entries: 10543
  Nothing matched: 0
  Only ICES matched: 0
  Only Wade matched: 7630
  Both matched: 2913

Writing output to ../data/match/match_sp2012.csv
