Matching:
  Catalog: ../data/catalog/catalog_fa2014.csv
  ICES: ../data/ices/ices_fa2014.csv
  Wade: ../data/wade/wade_fa2014.csv
  Output: ../data/match/match_fa2014.csv

Catalog:
  Total entries: 11311

Wade:
  Total entries: 6005
  Matched: 6004
  Not matched: 1
    Not matched indices in Wade:
      1556

ICES:
  Total entries: 1883
  Matched: 1640
  Not matched: 243
    Not matched indices in ICES:
      9 97 202 204 208 209 211 212 213 214 215 216 217 218 219 221 222 223 224 225 226 228 230 231 232 233 234 235 237 239 241 242 243 244 246 247 248 250 251 252 253 254 255 256 258 259 370 371 372 374 375 381 384 388 389 395 396 467 468 469 471 472 474 475 477 480 483 484 485 486 487 488 489 490 493 494 495 496 497 498 499 500 502 503 504 505 506 507 520 521 523 524 525 527 528 529 531 535 537 539 540 559 564 565 567 584 600 647 658 674 678 691 703 705 708 711 712 713 714 715 716 717 719 720 721 734 735 772 823 861 862 865 922 931 933 935 942 944 950 994 1022 1037 1073 1077 1079 1089 1090 1092 1093 1095 1096 1097 1098 1099 1100 1101 1102 1103 1104 1105 1106 1107 1110 1111 1112 1114 1115 1117 1118 1119 1120 1125 1126 1128 1130 1131 1132 1133 1134 1135 1136 1137 1138 1139 1140 1141 1142 1143 1145 1146 1147 1149 1151 1152 1154 1155 1156 1157 1158 1159 1160 1161 1162 1164 1168 1169 1176 1197 1245 1332 1350 1372 1438 1441 1445 1448 1450 1456 1458 1464 1467 1469 1474 1482 1493 1509 1518 1713 1715 1744 1795 1801 1813 1848 1860 1864 1865 1867 1872 1876 1877 1878 1882
  No matching Wade entry: 0
    No matching Wade indices in ICES:
      

Graybook:
  Total entries in graybook: 2403
  Entries in catalog matched: 2035 / 11311

Coverage stats:
  Total catalog entries: 11311
  Nothing matched: 0
  Only ICES matched: 0
  Only Wade matched: 7773
  Both matched: 3538

Writing output to ../data/match/match_fa2014.csv
