Matching:
  Catalog: ../data/catalog/catalog_fa2016.csv
  ICES: ../data/ices/ices_fa2016.csv
  Wade: ../data/wade/wade_fa2016.csv
  Output: ../data/match/match_fa2016.csv

Catalog:
  Total entries: 11168

Wade:
  Total entries: 2664
  Matched: 2662
  Not matched: 2
    Not matched indices in Wade:
      883 2500

ICES:
  Total entries: 2162
  Matched: 1797
  Not matched: 365
    Not matched indices in ICES:
      23 61 85 125 128 136 141 185 219 222 223 236 237 239 240 241 242 243 244 245 251 253 254 255 258 259 260 262 263 264 310 435 436 438 439 442 443 444 446 454 455 456 457 458 460 461 467 468 471 472 474 482 561 562 564 566 567 569 571 572 573 574 577 578 581 583 584 585 587 589 590 591 592 593 594 596 597 598 599 604 605 606 608 610 611 612 613 614 632 633 636 637 638 639 641 642 643 664 668 685 688 696 702 733 751 754 755 756 760 761 762 765 766 772 776 780 790 804 809 818 821 823 827 831 833 837 838 839 841 844 846 847 850 852 853 854 856 862 863 865 867 870 871 872 876 877 878 879 881 882 883 884 886 888 890 891 893 894 895 896 897 898 899 900 901 902 903 904 905 906 908 909 910 912 913 914 915 916 917 919 920 921 922 925 926 927 928 929 930 931 932 934 935 936 937 939 940 941 942 943 944 945 946 947 948 949 950 951 952 953 954 955 956 1017 1027 1056 1071 1088 1090 1092 1093 1098 1114 1184 1185 1215 1271 1283 1288 1301 1316 1320 1325 1329 1340 1341 1342 1345 1346 1348 1349 1350 1351 1353 1354 1356 1358 1359 1360 1361 1362 1363 1365 1366 1367 1368 1369 1371 1372 1373 1375 1376 1377 1378 1379 1381 1382 1384 1385 1387 1388 1390 1391 1394 1395 1396 1397 1398 1399 1400 1401 1402 1403 1404 1405 1406 1407 1409 1410 1411 1413 1416 1417 1418 1419 1420 1421 1422 1423 1424 1425 1426 1427 1443 1447 1454 1457 1458 1576 1602 1625 1644 1645 1651 1655 1662 1667 1668 1676 1679 1684 1698 1708 1711 1712 1713 1714 1715 1716 1719 1720 1721 1731 1827 1853 2021 2055 2056 2059 2076 2090 2116 2126 2129 2131 2132 2133 2135 2136 2139 2140 2141 2143 2145 2146 2147 2148 2149 2150 2151 2154 2156 2157 2159 2160
  No matching Wade entry: 0
    No matching Wade indices in ICES:
      

Graybook:
  Total entries in graybook: 2426
  Entries in catalog matched: 2156 / 11168

Coverage stats:
  Total catalog entries: 11168
  Nothing matched: 0
  Only ICES matched: 0
  Only Wade matched: 7089
  Both matched: 4079

Writing output to ../data/match/match_fa2016.csv
