Matching:
  Catalog: ../data/catalog/catalog_fa2021.csv
  ICES: ../data/ices/ices_fa2021.csv
  Wade: ../data/wade/wade_fa2021.csv
  Output: ../data/match/match_fa2021.csv

Catalog:
  Total entries: 12280

Wade:
  Total entries: 2696
  Matched: 2689
  Not matched: 7
    Not matched indices in Wade:
      547 962 963 964 965 973 1208

ICES:
  Total entries: 2139
  Matched: 2024
  Not matched: 115
    Not matched indices in ICES:
      616 617 619 623 661 674 685 689 698 909 915 916 919 1017 1019 1027 1240 1241 1242 1243 1244 1245 1247 1248 1251 1256 1259 1261 1262 1263 1264 1267 1269 1270 1271 1272 1273 1275 1276 1278 1279 1280 1282 1283 1284 1285 1286 1287 1288 1292 1293 1294 1295 1299 1300 1301 1304 1305 1307 1308 1310 1311 1312 1313 1315 1316 1318 1319 1320 1321 1323 1326 1328 1329 1331 1332 1335 1336 1338 1365 1655 1657 1661 1933 1953 2004 2085 2086 2087 2088 2089 2090 2091 2092 2093 2094 2095 2097 2100 2102 2103 2104 2105 2109 2110 2113 2114 2117 2119 2120 2122 2123 2128 2130 2135
  No matching Wade entry: 0
    No matching Wade indices in ICES:
      

Graybook:
  Total entries in graybook: 2679
  Entries in catalog matched: 2162 / 12280

Coverage stats:
  Total catalog entries: 12280
  Nothing matched: 0
  Only ICES matched: 0
  Only Wade matched: 7844
  Both matched: 4436

Writing output to ../data/match/match_fa2021.csv
