Matching:
  Catalog: ../data/catalog/catalog_fa2018.csv
  ICES: ../data/ices/ices_fa2018.csv
  Wade: ../data/wade/wade_fa2018.csv
  Output: ../data/match/match_fa2018.csv

Catalog:
  Total entries: 11410

Wade:
  Total entries: 2574
  Matched: 2573
  Not matched: 1
    Not matched indices in Wade:
      2020

ICES:
  Total entries: 2341
  Matched: 1909
  Not matched: 432
    Not matched indices in ICES:
      51 60 70 76 80 113 116 120 121 122 134 136 142 147 151 152 153 154 155 156 161 178 235 240 244 245 246 247 248 249 251 252 253 254 255 256 258 259 261 262 264 266 268 269 271 272 273 276 277 279 280 281 282 283 284 285 287 288 289 290 292 294 295 296 297 298 300 301 492 493 494 495 496 498 502 503 504 506 512 516 519 522 526 527 528 531 532 534 535 537 538 540 541 542 543 547 548 550 551 619 620 622 623 626 631 637 638 639 641 642 643 644 645 646 647 648 649 652 653 654 655 656 657 658 661 662 664 665 667 671 672 674 676 699 700 701 702 703 704 709 710 712 713 733 736 745 749 763 766 768 824 827 828 829 831 833 834 840 841 842 844 846 849 850 858 859 860 865 866 873 874 875 876 878 880 881 882 883 884 885 886 887 891 892 893 894 895 896 897 898 899 900 902 903 904 905 906 907 908 909 910 911 912 913 914 915 916 918 919 920 921 922 923 924 926 927 928 929 931 932 933 934 935 937 938 939 941 942 943 944 945 946 947 948 949 950 951 955 956 957 959 960 961 962 963 964 965 968 969 971 972 973 974 976 977 978 979 980 983 984 985 986 987 988 990 991 992 993 994 995 996 997 998 999 1000 1001 1002 1003 1004 1007 1012 1015 1018 1100 1155 1206 1229 1230 1231 1236 1246 1252 1253 1258 1263 1296 1321 1337 1401 1407 1412 1427 1428 1430 1431 1432 1434 1435 1436 1437 1438 1439 1440 1441 1443 1444 1445 1446 1447 1450 1451 1452 1453 1454 1457 1458 1459 1460 1461 1463 1464 1465 1466 1467 1471 1472 1473 1474 1476 1478 1479 1480 1481 1482 1484 1485 1486 1488 1489 1490 1491 1492 1493 1494 1495 1496 1497 1498 1500 1501 1527 1528 1531 1533 1534 1535 1537 1538 1540 1541 1542 1545 1546 1547 1548 1550 1551 1628 1658 1777 1780 1785 1788 1793 1799 1804 1806 1811 1817 1821 1828 1839 1845 1851 1864 1865 1866 1868 1869 1873 1876 1971 2077 2131 2150 2217 2219 2249 2274 2289 2295 2298 2304 2305 2306 2307 2312 2315 2316 2319 2321 2325 2326 2328 2330 2332 2335 2336 2337 2338 2339 2340
  No matching Wade entry: 0
    No matching Wade indices in ICES:
      

Graybook:
  Total entries in graybook: 2525
  Entries in catalog matched: 2178 / 11410

Coverage stats:
  Total catalog entries: 11410
  Nothing matched: 0
  Only ICES matched: 0
  Only Wade matched: 7205
  Both matched: 4205

Writing output to ../data/match/match_fa2018.csv
