Matching:
  Catalog: ../data/catalog/catalog_sp2010.csv
  ICES: ../data/ices/ices_sp2010.csv
  Wade: ../data/wade/wade_sp2010.csv
  Output: ../data/match/match_sp2010.csv

Catalog:
  Total entries: 10619

Wade:
  Total entries: 5794
  Matched: 5699
  Not matched: 95
    Not matched indices in Wade:
      153 223 292 397 456 553 563 615 739 818 971 1244 1417 1441 1523 1531 1535 1537 1544 1556 1558 1618 1646 1715 1761 1762 1763 1764 1778 1957 1994 1996 2003 2006 2008 2009 2146 2163 2164 2165 2166 2167 2168 2169 2170 2171 2172 2459 2487 2496 2709 2836 2837 2892 2993 3229 3268 3270 3282 3286 3288 3290 3299 3304 3306 3310 3312 3318 3323 3327 3357 3368 3387 3516 3727 3735 3736 3737 4015 4018 4030 4040 4097 4105 4638 4666 4739 4807 4842 4862 4941 4942 5696 5714 5728

ICES:
  Total entries: 1546
  Matched: 1372
  Not matched: 174
    Not matched indices in ICES:
      9 17 76 77 100 112 119 120 164 180 181 183 186 190 221 222 230 231 290 293 300 303 308 314 324 342 359 397 404 412 415 417 418 451 453 454 457 460 461 462 464 466 509 513 515 517 519 523 527 528 531 533 538 546 557 558 559 561 562 563 574 589 630 632 662 700 701 703 704 779 781 782 783 784 785 789 800 801 802 805 806 808 809 811 812 813 816 817 818 821 823 824 826 827 828 829 830 831 832 833 834 835 836 837 838 841 842 843 844 845 846 847 848 850 878 888 889 890 894 895 896 901 908 914 915 917 918 919 925 942 944 945 950 956 967 969 971 972 973 981 988 999 1003 1031 1115 1116 1123 1130 1131 1135 1138 1144 1151 1153 1155 1162 1167 1168 1172 1274 1315 1343 1364 1413 1414 1418 1422 1470 1475 1485 1495 1524 1537 1538
  No matching Wade entry: 0
    No matching Wade indices in ICES:
      

Graybook:
  Total entries in graybook: 2317
  Entries in catalog matched: 1852 / 10619

Coverage stats:
  Total catalog entries: 10619
  Nothing matched: 0
  Only ICES matched: 0
  Only Wade matched: 7721
  Both matched: 2898

Writing output to ../data/match/match_sp2010.csv
